[2013-10-02 16:04:43] INFO  WEBrick 1.3.1
[2013-10-02 16:04:43] INFO  ruby 1.8.7 (2012-02-08) [universal-darwin12.0]
[2013-10-02 16:04:43] INFO  WEBrick::HTTPServer#start: pid=38598 port=3000
[2013-10-02 16:05:41] INFO  going to shutdown ...
[2013-10-02 16:05:43] INFO  WEBrick::HTTPServer#start done.
=> Booting WEBrick
=> Rails 3.1.0 application starting in development on http://0.0.0.0:3000
=> Call with -d to detach
=> Ctrl-C to shutdown server


Started GET "/dashboard" for 127.0.0.1 at Wed Oct 02 16:05:39 -0700 2013
  Processing by DashboardsController#index as HTML
  [1m[36mUser Load (51.9ms)[0m  [1mSELECT "users".* FROM "users" WHERE "users"."id" = 1 LIMIT 1[0m
  [1m[35mCACHE (0.0ms)[0m  SELECT "users".* FROM "users" WHERE "users"."id" = 1 LIMIT 1
  [1m[36mCACHE (0.0ms)[0m  [1mSELECT "users".* FROM "users" WHERE "users"."id" = 1 LIMIT 1[0m
  [1m[35mUser Load (61.9ms)[0m  SELECT "users".* FROM "users" WHERE "users"."id" = ? LIMIT 1  [["id", 1]]
Rendered shared/_loader.html.erb (0.5ms)
Rendered shared/_form_error.html.erb (0.3ms)
Rendered dashboards/_inner_tab.html.erb (63.4ms)
Rendered shared/_loader.html.erb (0.2ms)
Rendered shared/_form_error.html.erb (0.1ms)
Rendered dashboards/_inner_tab.html.erb (1.5ms)
Rendered shared/_loader.html.erb (0.2ms)
Rendered shared/_form_error.html.erb (0.1ms)
Rendered dashboards/_inner_tab.html.erb (1.5ms)
Rendered dashboards/index.html.erb within layouts/application (185.0ms)
Completed 200 OK in 1977ms (Views: 1577.8ms | ActiveRecord: 114.2ms)


Started GET "/assets/main.css?body=1" for 127.0.0.1 at Wed Oct 02 16:05:43 -0700 2013
Served asset /main.css - 304 Not Modified (2ms)


Started GET "/assets/_base.css?body=1" for 127.0.0.1 at Wed Oct 02 16:05:43 -0700 2013
Served asset /_base.css - 304 Not Modified (2ms)


Started GET "/assets/lessons.js?body=1" for 127.0.0.1 at Wed Oct 02 16:05:43 -0700 2013
Served asset /lessons.js - 304 Not Modified (2ms)


Started GET "/assets/ajax-loader.gif" for 127.0.0.1 at Wed Oct 02 16:05:43 -0700 2013
Served asset /ajax-loader.gif - 200 OK (45ms)
Exiting
